f:\work\aes\aes\aes\release\aes.pch
f:\work\aes\aes\aes\release\vc142.pdb
f:\work\aes\aes\aes\release\stdafx.obj
f:\work\aes\aes\aes\release\sendto.obj
f:\work\aes\aes\aes\release\mybutton.obj
f:\work\aes\aes\aes\release\manipulation_fichier.obj
f:\work\aes\aes\aes\release\c_password.obj
f:\work\aes\aes\aes\release\c_encode_interactif.obj
f:\work\aes\aes\aes\release\c_aes_encode.obj
f:\work\aes\aes\aes\release\c_aes_decode.obj
f:\work\aes\aes\aes\release\c_error_message.obj
f:\work\aes\aes\aes\release\c_decode_interactif.obj
f:\work\aes\aes\aes\release\colorstatic.obj
f:\work\aes\aes\aes\release\colorradiobutton.obj
f:\work\aes\aes\aes\release\colorbutton.obj
f:\work\aes\aes\aes\release\code_huffman.obj
f:\work\aes\aes\aes\release\cluster_size.obj
f:\work\aes\aes\aes\release\cfiledialogex.obj
f:\work\aes\aes\aes\release\calcul_temps.obj
f:\work\aes\aes\aes\release\analyse_back_groung.obj
f:\work\aes\aes\aes\release\ajustfilename.obj
f:\work\aes\aes\aes\release\aesdlg.obj
f:\work\aes\aes\aes\release\aes.obj
f:\work\aes\aes\release\aes.exe
f:\work\aes\aes\aes\release\aes.cod
f:\work\aes\aes\aes\release\aesdlg.cod
f:\work\aes\aes\aes\release\ajustfilename.cod
f:\work\aes\aes\aes\release\analyse_back_groung.cod
f:\work\aes\aes\aes\release\calcul_temps.cod
f:\work\aes\aes\aes\release\cfiledialogex.cod
f:\work\aes\aes\aes\release\cluster_size.cod
f:\work\aes\aes\aes\release\code_huffman.cod
f:\work\aes\aes\aes\release\colorbutton.cod
f:\work\aes\aes\aes\release\colorradiobutton.cod
f:\work\aes\aes\aes\release\colorstatic.cod
f:\work\aes\aes\aes\release\c_decode_interactif.cod
f:\work\aes\aes\aes\release\c_error_message.cod
f:\work\aes\aes\aes\release\c_aes_decode.cod
f:\work\aes\aes\aes\release\c_aes_encode.cod
f:\work\aes\aes\aes\release\c_encode_interactif.cod
f:\work\aes\aes\aes\release\c_password.cod
f:\work\aes\aes\aes\release\manipulation_fichier.cod
f:\work\aes\aes\aes\release\mybutton.cod
f:\work\aes\aes\aes\release\sendto.cod
f:\work\aes\aes\aes\release\stdafx.cod
f:\work\aes\aes\aes\release\aes.ipdb
f:\work\aes\aes\aes\release\aes.iobj
f:\work\aes\aes\release\aes.pdb
f:\work\aes\aes\aes\release\aes.res
j:\work\aes\aes\aes\release\aes.obj
j:\work\aes\aes\aes\release\aesdlg.obj
j:\work\aes\aes\aes\release\ajustfilename.obj
j:\work\aes\aes\aes\release\analyse_back_groung.obj
j:\work\aes\aes\aes\release\calcul_temps.obj
j:\work\aes\aes\aes\release\cfiledialogex.obj
j:\work\aes\aes\aes\release\cluster_size.obj
j:\work\aes\aes\aes\release\code_huffman.obj
j:\work\aes\aes\aes\release\colorbutton.obj
j:\work\aes\aes\aes\release\colorradiobutton.obj
j:\work\aes\aes\aes\release\colorstatic.obj
j:\work\aes\aes\aes\release\c_aes_decode.obj
j:\work\aes\aes\aes\release\c_aes_encode.obj
j:\work\aes\aes\aes\release\c_decode_interactif.obj
j:\work\aes\aes\aes\release\c_encode_interactif.obj
j:\work\aes\aes\aes\release\c_error_message.obj
j:\work\aes\aes\aes\release\c_password.obj
j:\work\aes\aes\aes\release\manipulation_fichier.obj
j:\work\aes\aes\aes\release\mybutton.obj
j:\work\aes\aes\aes\release\sendto.obj
j:\work\aes\aes\aes\release\stdafx.obj
j:\work\aes\aes\aes\release\aes.ipdb
j:\work\aes\aes\aes\release\aes.iobj
j:\work\aes\aes\aes\release\aes.res
j:\work\aes\aes\aes\release\aes.pch
j:\work\aes\aes\aes\release\vc142.pdb
j:\work\aes\aes\release\aes.pdb
j:\work\aes\aes\release\aes.exe
j:\work\aes\aes\aes\release\aes.tlog\cl.command.1.tlog
j:\work\aes\aes\aes\release\aes.tlog\cl.read.1.tlog
j:\work\aes\aes\aes\release\aes.tlog\cl.write.1.tlog
j:\work\aes\aes\aes\release\aes.tlog\link.command.1.tlog
j:\work\aes\aes\aes\release\aes.tlog\link.read.1.tlog
j:\work\aes\aes\aes\release\aes.tlog\link.write.1.tlog
j:\work\aes\aes\aes\release\aes.tlog\rc.command.1.tlog
j:\work\aes\aes\aes\release\aes.tlog\rc.read.1.tlog
j:\work\aes\aes\aes\release\aes.tlog\rc.write.1.tlog
