j:\work\aes\aes\aes\debug\aes.pch
j:\work\aes\aes\aes\debug\vc142.pdb
j:\work\aes\aes\aes\debug\vc142.idb
j:\work\aes\aes\aes\debug\stdafx.obj
j:\work\aes\aes\aes\debug\sendto.obj
j:\work\aes\aes\aes\debug\mybutton.obj
j:\work\aes\aes\aes\debug\manipulation_fichier.obj
j:\work\aes\aes\aes\debug\c_password.obj
j:\work\aes\aes\aes\debug\c_aes_encode.obj
j:\work\aes\aes\aes\debug\c_aes_decode.obj
j:\work\aes\aes\aes\debug\c_error_message.obj
j:\work\aes\aes\aes\debug\colorstatic.obj
j:\work\aes\aes\aes\debug\colorradiobutton.obj
j:\work\aes\aes\aes\debug\colorbutton.obj
j:\work\aes\aes\aes\debug\code_huffman.obj
j:\work\aes\aes\aes\debug\cluster_size.obj
j:\work\aes\aes\aes\debug\calcul_temps.obj
j:\work\aes\aes\aes\debug\analyse_back_groung.obj
j:\work\aes\aes\aes\debug\ajustfilename.obj
j:\work\aes\aes\aes\debug\aesdlg.obj
j:\work\aes\aes\aes\debug\aes.obj
j:\work\aes\aes\aes\debug\c_encode_interactif.obj
j:\work\aes\aes\aes\debug\c_decode_interactif.obj
j:\work\aes\aes\debug\aes.exe
j:\work\aes\aes\aes\debug\aes.ilk
j:\work\aes\aes\debug\aes.pdb
j:\work\aes\aes\aes\debug\aes.res
j:\work\aes _round\aes\aes\debug\cfiledialogex.obj
j:\work\aes _round\aes\aes\debug\aes.tlog\cl.command.1.tlog
j:\work\aes _round\aes\aes\debug\aes.tlog\cl.read.1.tlog
j:\work\aes _round\aes\aes\debug\aes.tlog\cl.write.1.tlog
j:\work\aes _round\aes\aes\debug\aes.tlog\link.command.1.tlog
j:\work\aes _round\aes\aes\debug\aes.tlog\link.read.1.tlog
j:\work\aes _round\aes\aes\debug\aes.tlog\link.write.1.tlog
j:\work\aes _round\aes\aes\debug\aes.tlog\rc.command.1.tlog
j:\work\aes _round\aes\aes\debug\aes.tlog\rc.read.1.tlog
j:\work\aes _round\aes\aes\debug\aes.tlog\rc.write.1.tlog
